# JRE version: OpenJDK Runtime Environment Temurin-17.0.3+7 (17.0.3+7) (build 17.0.3+7)
# Java VM: OpenJDK 64-Bit Server VM Temurin-17.0.3+7 (17.0.3+7, mixed mode, sharing, tiered, compressed oops, compressed class ptrs, g1 gc, windows-amd64)
GC Precious Log:
 CPUs: 24 total, 24 available
 Memory: 32581M
 Large Page Support: Disabled
 NUMA Support: Disabled
 Compressed Oops: Enabled (Zero based)
 Heap Region Size: 2M
 Heap Min Capacity: 8M
 Heap Initial Capacity: 510M
 Heap Max Capacity: 3G
 Pre-touch: Disabled
 Parallel Workers: 18
 Concurrent Workers: 5
 Concurrent Refinement Workers: 18
 Periodic GC: Disabled
Heap:
 garbage-first heap   total 305152K, used 267638K [0x0000000740000000, 0x0000000800000000)
  region size 2048K, 87 young (178176K), 9 survivors (18432K)
 Metaspace       used 56596K, committed 57152K, reserved 1105920K
  class space    used 7605K, committed 7872K, reserved 1048576K
GC Heap History (17 events):
Event: 0.264 GC heap before
{Heap before GC invocations=0 (full 0):
 garbage-first heap   total 522240K, used 30720K [0x0000000740000000, 0x0000000800000000)
  region size 2048K, 12 young (24576K), 0 survivors (0K)
 Metaspace       used 3048K, committed 3200K, reserved 1056768K
  class space    used 378K, committed 448K, reserved 1048576K
}
Event: 0.266 GC heap after
{Heap after GC invocations=1 (full 0):
 garbage-first heap   total 522240K, used 9977K [0x0000000740000000, 0x0000000800000000)
  region size 2048K, 2 young (4096K), 2 survivors (4096K)
 Metaspace       used 3048K, committed 3200K, reserved 1056768K
  class space    used 378K, committed 448K, reserved 1048576K
}
Event: 0.398 GC heap before
{Heap before GC invocations=1 (full 0):
 garbage-first heap   total 522240K, used 34553K [0x0000000740000000, 0x0000000800000000)
  region size 2048K, 15 young (30720K), 2 survivors (4096K)
 Metaspace       used 3958K, committed 4160K, reserved 1056768K
  class space    used 474K, committed 576K, reserved 1048576K
}
Event: 0.400 GC heap after
{Heap after GC invocations=2 (full 0):
 garbage-first heap   total 522240K, used 13982K [0x0000000740000000, 0x0000000800000000)
  region size 2048K, 2 young (4096K), 2 survivors (4096K)
 Metaspace       used 3958K, committed 4160K, reserved 1056768K
  class space    used 474K, committed 576K, reserved 1048576K
}
Event: 1.233 GC heap before
{Heap before GC invocations=2 (full 0):
 garbage-first heap   total 522240K, used 122526K [0x0000000740000000, 0x0000000800000000)
  region size 2048K, 56 young (114688K), 2 survivors (4096K)
 Metaspace       used 21255K, committed 21504K, reserved 1073152K
  class space    used 3125K, committed 3264K, reserved 1048576K
}
Event: 1.236 GC heap after
{Heap after GC invocations=3 (full 0):
 garbage-first heap   total 522240K, used 21447K [0x0000000740000000, 0x0000000800000000)
  region size 2048K, 6 young (12288K), 6 survivors (12288K)
 Metaspace       used 21255K, committed 21504K, reserved 1073152K
  class space    used 3125K, committed 3264K, reserved 1048576K
}
Event: 1.558 GC heap before
{Heap before GC invocations=4 (full 0):
 garbage-first heap   total 81920K, used 62407K [0x0000000740000000, 0x0000000800000000)
  region size 2048K, 28 young (57344K), 6 survivors (12288K)
 Metaspace       used 29154K, committed 29504K, reserved 1081344K
  class space    used 4060K, committed 4224K, reserved 1048576K
}
Event: 1.562 GC heap after
{Heap after GC invocations=5 (full 0):
 garbage-first heap   total 86016K, used 26622K [0x0000000740000000, 0x0000000800000000)
  region size 2048K, 7 young (14336K), 7 survivors (14336K)
 Metaspace       used 29154K, committed 29504K, reserved 1081344K
  class space    used 4060K, committed 4224K, reserved 1048576K
}
Event: 1.757 GC heap before
{Heap before GC invocations=5 (full 0):
 garbage-first heap   total 86016K, used 57342K [0x0000000740000000, 0x0000000800000000)
  region size 2048K, 22 young (45056K), 7 survivors (14336K)
 Metaspace       used 32118K, committed 32512K, reserved 1081344K
  class space    used 4390K, committed 4544K, reserved 1048576K
}
Event: 1.760 GC heap after
{Heap after GC invocations=6 (full 0):
 garbage-first heap   total 86016K, used 28807K [0x0000000740000000, 0x0000000800000000)
  region size 2048K, 2 young (4096K), 2 survivors (4096K)
 Metaspace       used 32118K, committed 32512K, reserved 1081344K
  class space    used 4390K, committed 4544K, reserved 1048576K
}
Event: 1.973 GC heap before
{Heap before GC invocations=6 (full 0):
 garbage-first heap   total 86016K, used 55431K [0x0000000740000000, 0x0000000800000000)
  region size 2048K, 16 young (32768K), 2 survivors (4096K)
 Metaspace       used 35579K, committed 35968K, reserved 1081344K
  class space    used 4935K, committed 5120K, reserved 1048576K
}
Event: 1.974 GC heap after
{Heap after GC invocations=7 (full 0):
 garbage-first heap   total 86016K, used 30099K [0x0000000740000000, 0x0000000800000000)
  region size 2048K, 3 young (6144K), 3 survivors (6144K)
 Metaspace       used 35579K, committed 35968K, reserved 1081344K
  class space    used 4935K, committed 5120K, reserved 1048576K
}
Event: 2.133 GC heap before
{Heap before GC invocations=8 (full 0):
 garbage-first heap   total 86016K, used 60819K [0x0000000740000000, 0x0000000800000000)
  region size 2048K, 18 young (36864K), 3 survivors (6144K)
 Metaspace       used 37184K, committed 37632K, reserved 1081344K
  class space    used 5080K, committed 5312K, reserved 1048576K
}
Event: 2.136 GC heap after
{Heap after GC invocations=9 (full 0):
 garbage-first heap   total 86016K, used 32522K [0x0000000740000000, 0x0000000800000000)
  region size 2048K, 3 young (6144K), 3 survivors (6144K)
 Metaspace       used 37184K, committed 37632K, reserved 1081344K
  class space    used 5080K, committed 5312K, reserved 1048576K
}
Event: 2.497 GC heap before
{Heap before GC invocations=9 (full 0):
 garbage-first heap   total 86016K, used 65290K [0x0000000740000000, 0x0000000800000000)
  region size 2048K, 18 young (36864K), 3 survivors (6144K)
 Metaspace       used 41447K, committed 41920K, reserved 1089536K
  class space    used 5638K, committed 5888K, reserved 1048576K
}
Event: 2.499 GC heap after
{Heap after GC invocations=10 (full 0):
 garbage-first heap   total 305152K, used 38359K [0x0000000740000000, 0x0000000800000000)
  region size 2048K, 3 young (6144K), 3 survivors (6144K)
 Metaspace       used 41447K, committed 41920K, reserved 1089536K
  class space    used 5638K, committed 5888K, reserved 1048576K
}
Event: 4.283 GC heap before
{Heap before GC invocations=10 (full 0):
 garbage-first heap   total 305152K, used 265687K [0x0000000740000000, 0x0000000800000000)
  region size 2048K, 81 young (165888K), 3 survivors (6144K)
 Metaspace       used 56596K, committed 57152K, reserved 1105920K
  class space    used 7605K, committed 7872K, reserved 1048576K
}

