# JRE version: OpenJDK Runtime Environment Temurin-17.0.3+7 (17.0.3+7) (build 17.0.3+7)
# Java VM: OpenJDK 64-Bit Server VM Temurin-17.0.3+7 (17.0.3+7, mixed mode, sharing, tiered, compressed oops, compressed class ptrs, g1 gc, windows-amd64)
GC Precious Log:
 CPUs: 24 total, 24 available
 Memory: 32581M
 Large Page Support: Disabled
 NUMA Support: Disabled
 Compressed Oops: Enabled (Zero based)
 Heap Region Size: 2M
 Heap Min Capacity: 8M
 Heap Initial Capacity: 510M
 Heap Max Capacity: 3G
 Pre-touch: Disabled
 Parallel Workers: 18
 Concurrent Workers: 5
 Concurrent Refinement Workers: 18
 Periodic GC: Disabled
Heap:
 garbage-first heap   total 204800K, used 105725K [0x0000000740000000, 0x0000000800000000)
  region size 2048K, 6 young (12288K), 3 survivors (6144K)
 Metaspace       used 38078K, committed 38528K, reserved 1089536K
  class space    used 5215K, committed 5440K, reserved 1048576K
GC Heap History (12 events):
Event: 0.235 GC heap before
{Heap before GC invocations=0 (full 0):
 garbage-first heap   total 522240K, used 30720K [0x0000000740000000, 0x0000000800000000)
  region size 2048K, 12 young (24576K), 0 survivors (0K)
 Metaspace       used 3028K, committed 3200K, reserved 1056768K
  class space    used 378K, committed 448K, reserved 1048576K
}
Event: 0.237 GC heap after
{Heap after GC invocations=1 (full 0):
 garbage-first heap   total 522240K, used 10132K [0x0000000740000000, 0x0000000800000000)
  region size 2048K, 2 young (4096K), 2 survivors (4096K)
 Metaspace       used 3028K, committed 3200K, reserved 1056768K
  class space    used 378K, committed 448K, reserved 1048576K
}
Event: 0.371 GC heap before
{Heap before GC invocations=1 (full 0):
 garbage-first heap   total 522240K, used 36756K [0x0000000740000000, 0x0000000800000000)
  region size 2048K, 16 young (32768K), 2 survivors (4096K)
 Metaspace       used 3947K, committed 4160K, reserved 1056768K
  class space    used 474K, committed 576K, reserved 1048576K
}
Event: 0.372 GC heap after
{Heap after GC invocations=2 (full 0):
 garbage-first heap   total 522240K, used 14192K [0x0000000740000000, 0x0000000800000000)
  region size 2048K, 2 young (4096K), 2 survivors (4096K)
 Metaspace       used 3947K, committed 4160K, reserved 1056768K
  class space    used 474K, committed 576K, reserved 1048576K
}
Event: 1.112 GC heap before
{Heap before GC invocations=2 (full 0):
 garbage-first heap   total 522240K, used 169840K [0x0000000740000000, 0x0000000800000000)
  region size 2048K, 64 young (131072K), 2 survivors (4096K)
 Metaspace       used 21250K, committed 21504K, reserved 1073152K
  class space    used 3154K, committed 3264K, reserved 1048576K
}
Event: 1.116 GC heap after
{Heap after GC invocations=3 (full 0):
 garbage-first heap   total 522240K, used 58913K [0x0000000740000000, 0x0000000800000000)
  region size 2048K, 8 young (16384K), 8 survivors (16384K)
 Metaspace       used 21250K, committed 21504K, reserved 1073152K
  class space    used 3154K, committed 3264K, reserved 1048576K
}
Event: 1.687 GC heap before
{Heap before GC invocations=4 (full 0):
 garbage-first heap   total 204800K, used 169505K [0x0000000740000000, 0x0000000800000000)
  region size 2048K, 63 young (129024K), 8 survivors (16384K)
 Metaspace       used 34688K, committed 35072K, reserved 1081344K
  class space    used 4813K, committed 4992K, reserved 1048576K
}
Event: 1.692 GC heap after
{Heap after GC invocations=5 (full 0):
 garbage-first heap   total 204800K, used 66978K [0x0000000740000000, 0x0000000800000000)
  region size 2048K, 12 young (24576K), 12 survivors (24576K)
 Metaspace       used 34688K, committed 35072K, reserved 1081344K
  class space    used 4813K, committed 4992K, reserved 1048576K
}
Event: 1.773 GC heap before
{Heap before GC invocations=5 (full 0):
 garbage-first heap   total 204800K, used 99746K [0x0000000740000000, 0x0000000800000000)
  region size 2048K, 18 young (36864K), 12 survivors (24576K)
 Metaspace       used 35685K, committed 36096K, reserved 1081344K
  class space    used 4886K, committed 5056K, reserved 1048576K
}
Event: 1.776 GC heap after
{Heap after GC invocations=6 (full 0):
 garbage-first heap   total 204800K, used 93313K [0x0000000740000000, 0x0000000800000000)
  region size 2048K, 3 young (6144K), 3 survivors (6144K)
 Metaspace       used 35685K, committed 36096K, reserved 1081344K
  class space    used 4886K, committed 5056K, reserved 1048576K
}
Event: 1.908 GC heap before
{Heap before GC invocations=7 (full 0):
 garbage-first heap   total 204800K, used 113793K [0x0000000740000000, 0x0000000800000000)
  region size 2048K, 14 young (28672K), 3 survivors (6144K)
 Metaspace       used 37876K, committed 38400K, reserved 1089536K
  class space    used 5180K, committed 5440K, reserved 1048576K
}
Event: 1.909 GC heap after
{Heap after GC invocations=8 (full 0):
 garbage-first heap   total 204800K, used 93437K [0x0000000740000000, 0x0000000800000000)
  region size 2048K, 3 young (6144K), 3 survivors (6144K)
 Metaspace       used 37876K, committed 38400K, reserved 1089536K
  class space    used 5180K, committed 5440K, reserved 1048576K
}

