# JRE version: OpenJDK Runtime Environment Temurin-17.0.3+7 (17.0.3+7) (build 17.0.3+7)
# Java VM: OpenJDK 64-Bit Server VM Temurin-17.0.3+7 (17.0.3+7, mixed mode, sharing, tiered, compressed oops, compressed class ptrs, g1 gc, windows-amd64)
GC Precious Log:
 CPUs: 24 total, 24 available
 Memory: 32581M
 Large Page Support: Disabled
 NUMA Support: Disabled
 Compressed Oops: Enabled (Zero based)
 Heap Region Size: 2M
 Heap Min Capacity: 8M
 Heap Initial Capacity: 510M
 Heap Max Capacity: 3G
 Pre-touch: Disabled
 Parallel Workers: 18
 Concurrent Workers: 5
 Concurrent Refinement Workers: 18
 Periodic GC: Disabled
Heap:
 garbage-first heap   total 212992K, used 138443K [0x0000000740000000, 0x0000000800000000)
  region size 2048K, 46 young (94208K), 7 survivors (14336K)
 Metaspace       used 62526K, committed 63168K, reserved 1105920K
  class space    used 8493K, committed 8768K, reserved 1048576K
GC Heap History (20 events):
Event: 1.555 GC heap before
{Heap before GC invocations=4 (full 0):
 garbage-first heap   total 81920K, used 64456K [0x0000000740000000, 0x0000000800000000)
  region size 2048K, 28 young (57344K), 6 survivors (12288K)
 Metaspace       used 29174K, committed 29504K, reserved 1081344K
  class space    used 4063K, committed 4224K, reserved 1048576K
}
Event: 1.559 GC heap after
{Heap after GC invocations=5 (full 0):
 garbage-first heap   total 86016K, used 27391K [0x0000000740000000, 0x0000000800000000)
  region size 2048K, 7 young (14336K), 7 survivors (14336K)
 Metaspace       used 29174K, committed 29504K, reserved 1081344K
  class space    used 4063K, committed 4224K, reserved 1048576K
}
Event: 1.561 GC heap before
{Heap before GC invocations=5 (full 0):
 garbage-first heap   total 86016K, used 29439K [0x0000000740000000, 0x0000000800000000)
  region size 2048K, 8 young (16384K), 7 survivors (14336K)
 Metaspace       used 29174K, committed 29504K, reserved 1081344K
  class space    used 4063K, committed 4224K, reserved 1048576K
}
Event: 1.564 GC heap after
{Heap after GC invocations=6 (full 0):
 garbage-first heap   total 86016K, used 26666K [0x0000000740000000, 0x0000000800000000)
  region size 2048K, 1 young (2048K), 1 survivors (2048K)
 Metaspace       used 29174K, committed 29504K, reserved 1081344K
  class space    used 4063K, committed 4224K, reserved 1048576K
}
Event: 1.760 GC heap before
{Heap before GC invocations=6 (full 0):
 garbage-first heap   total 86016K, used 57386K [0x0000000740000000, 0x0000000800000000)
  region size 2048K, 16 young (32768K), 1 survivors (2048K)
 Metaspace       used 32534K, committed 32832K, reserved 1081344K
  class space    used 4438K, committed 4544K, reserved 1048576K
}
Event: 1.761 GC heap after
{Heap after GC invocations=7 (full 0):
 garbage-first heap   total 86016K, used 29190K [0x0000000740000000, 0x0000000800000000)
  region size 2048K, 2 young (4096K), 2 survivors (4096K)
 Metaspace       used 32534K, committed 32832K, reserved 1081344K
  class space    used 4438K, committed 4544K, reserved 1048576K
}
Event: 1.957 GC heap before
{Heap before GC invocations=7 (full 0):
 garbage-first heap   total 86016K, used 53766K [0x0000000740000000, 0x0000000800000000)
  region size 2048K, 15 young (30720K), 2 survivors (4096K)
 Metaspace       used 35579K, committed 35968K, reserved 1081344K
  class space    used 4930K, committed 5120K, reserved 1048576K
}
Event: 1.958 GC heap after
{Heap after GC invocations=8 (full 0):
 garbage-first heap   total 86016K, used 31014K [0x0000000740000000, 0x0000000800000000)
  region size 2048K, 3 young (6144K), 3 survivors (6144K)
 Metaspace       used 35579K, committed 35968K, reserved 1081344K
  class space    used 4930K, committed 5120K, reserved 1048576K
}
Event: 2.071 GC heap before
{Heap before GC invocations=9 (full 0):
 garbage-first heap   total 86016K, used 59686K [0x0000000740000000, 0x0000000800000000)
  region size 2048K, 18 young (36864K), 3 survivors (6144K)
 Metaspace       used 37196K, committed 37632K, reserved 1081344K
  class space    used 5079K, committed 5312K, reserved 1048576K
}
Event: 2.073 GC heap after
{Heap after GC invocations=10 (full 0):
 garbage-first heap   total 86016K, used 33783K [0x0000000740000000, 0x0000000800000000)
  region size 2048K, 3 young (6144K), 3 survivors (6144K)
 Metaspace       used 37196K, committed 37632K, reserved 1081344K
  class space    used 5079K, committed 5312K, reserved 1048576K
}
Event: 2.089 GC heap before
{Heap before GC invocations=10 (full 0):
 garbage-first heap   total 86016K, used 35831K [0x0000000740000000, 0x0000000800000000)
  region size 2048K, 4 young (8192K), 3 survivors (6144K)
 Metaspace       used 37447K, committed 37824K, reserved 1081344K
  class space    used 5109K, committed 5312K, reserved 1048576K
}
Event: 2.091 GC heap after
{Heap after GC invocations=11 (full 0):
 garbage-first heap   total 305152K, used 33633K [0x0000000740000000, 0x0000000800000000)
  region size 2048K, 1 young (2048K), 1 survivors (2048K)
 Metaspace       used 37447K, committed 37824K, reserved 1081344K
  class space    used 5109K, committed 5312K, reserved 1048576K
}
Event: 3.608 GC heap before
{Heap before GC invocations=11 (full 0):
 garbage-first heap   total 305152K, used 238433K [0x0000000740000000, 0x0000000800000000)
  region size 2048K, 89 young (182272K), 1 survivors (2048K)
 Metaspace       used 55044K, committed 55552K, reserved 1097728K
  class space    used 7489K, committed 7744K, reserved 1048576K
}
Event: 3.612 GC heap after
{Heap after GC invocations=12 (full 0):
 garbage-first heap   total 305152K, used 49399K [0x0000000740000000, 0x0000000800000000)
  region size 2048K, 8 young (16384K), 8 survivors (16384K)
 Metaspace       used 55044K, committed 55552K, reserved 1097728K
  class space    used 7489K, committed 7744K, reserved 1048576K
}
Event: 3.969 GC heap before
{Heap before GC invocations=12 (full 0):
 garbage-first heap   total 305152K, used 200951K [0x0000000740000000, 0x0000000800000000)
  region size 2048K, 35 young (71680K), 8 survivors (16384K)
 Metaspace       used 57653K, committed 58240K, reserved 1105920K
  class space    used 7803K, committed 8064K, reserved 1048576K
}
Event: 3.973 GC heap after
{Heap after GC invocations=13 (full 0):
 garbage-first heap   total 305152K, used 55208K [0x0000000740000000, 0x0000000800000000)
  region size 2048K, 3 young (6144K), 3 survivors (6144K)
 Metaspace       used 57653K, committed 58240K, reserved 1105920K
  class space    used 7803K, committed 8064K, reserved 1048576K
}
Event: 4.206 GC heap before
{Heap before GC invocations=13 (full 0):
 garbage-first heap   total 305152K, used 180136K [0x0000000740000000, 0x0000000800000000)
  region size 2048K, 27 young (55296K), 3 survivors (6144K)
 Metaspace       used 59514K, committed 60096K, reserved 1105920K
  class space    used 8025K, committed 8320K, reserved 1048576K
}
Event: 4.208 GC heap after
{Heap after GC invocations=14 (full 0):
 garbage-first heap   total 305152K, used 57552K [0x0000000740000000, 0x0000000800000000)
  region size 2048K, 4 young (8192K), 4 survivors (8192K)
 Metaspace       used 59514K, committed 60096K, reserved 1105920K
  class space    used 8025K, committed 8320K, reserved 1048576K
}
Event: 6.211 GC heap before
{Heap before GC invocations=15 (full 0):
 garbage-first heap   total 212992K, used 174288K [0x0000000740000000, 0x0000000800000000)
  region size 2048K, 62 young (126976K), 4 survivors (8192K)
 Metaspace       used 61559K, committed 62208K, reserved 1105920K
  class space    used 8382K, committed 8640K, reserved 1048576K
}
Event: 6.214 GC heap after
{Heap after GC invocations=16 (full 0):
 garbage-first heap   total 212992K, used 62667K [0x0000000740000000, 0x0000000800000000)
  region size 2048K, 7 young (14336K), 7 survivors (14336K)
 Metaspace       used 61559K, committed 62208K, reserved 1105920K
  class space    used 8382K, committed 8640K, reserved 1048576K
}

