# JRE version: OpenJDK Runtime Environment Temurin-17.0.3+7 (17.0.3+7) (build 17.0.3+7)
# Java VM: OpenJDK 64-Bit Server VM Temurin-17.0.3+7 (17.0.3+7, mixed mode, sharing, tiered, compressed oops, compressed class ptrs, g1 gc, windows-amd64)
GC Precious Log:
 CPUs: 24 total, 24 available
 Memory: 32581M
 Large Page Support: Disabled
 NUMA Support: Disabled
 Compressed Oops: Enabled (Zero based)
 Heap Region Size: 2M
 Heap Min Capacity: 8M
 Heap Initial Capacity: 510M
 Heap Max Capacity: 3G
 Pre-touch: Disabled
 Parallel Workers: 18
 Concurrent Workers: 5
 Concurrent Refinement Workers: 18
 Periodic GC: Disabled
Heap:
 garbage-first heap   total 212992K, used 176277K [0x0000000740000000, 0x0000000800000000)
  region size 2048K, 63 young (129024K), 5 survivors (10240K)
 Metaspace       used 61946K, committed 62656K, reserved 1105920K
  class space    used 8437K, committed 8768K, reserved 1048576K
GC Heap History (20 events):
Event: 1.264 GC heap after
{Heap after GC invocations=3 (full 0):
 garbage-first heap   total 522240K, used 21457K [0x0000000740000000, 0x0000000800000000)
  region size 2048K, 6 young (12288K), 6 survivors (12288K)
 Metaspace       used 21258K, committed 21504K, reserved 1073152K
  class space    used 3127K, committed 3264K, reserved 1048576K
}
Event: 1.531 GC heap before
{Heap before GC invocations=4 (full 0):
 garbage-first heap   total 81920K, used 64465K [0x0000000740000000, 0x0000000800000000)
  region size 2048K, 28 young (57344K), 6 survivors (12288K)
 Metaspace       used 29145K, committed 29440K, reserved 1081344K
  class space    used 4059K, committed 4160K, reserved 1048576K
}
Event: 1.535 GC heap after
{Heap after GC invocations=5 (full 0):
 garbage-first heap   total 86016K, used 27321K [0x0000000740000000, 0x0000000800000000)
  region size 2048K, 7 young (14336K), 7 survivors (14336K)
 Metaspace       used 29145K, committed 29440K, reserved 1081344K
  class space    used 4059K, committed 4160K, reserved 1048576K
}
Event: 1.537 GC heap before
{Heap before GC invocations=5 (full 0):
 garbage-first heap   total 86016K, used 29369K [0x0000000740000000, 0x0000000800000000)
  region size 2048K, 8 young (16384K), 7 survivors (14336K)
 Metaspace       used 29160K, committed 29440K, reserved 1081344K
  class space    used 4061K, committed 4160K, reserved 1048576K
}
Event: 1.540 GC heap after
{Heap after GC invocations=6 (full 0):
 garbage-first heap   total 86016K, used 27369K [0x0000000740000000, 0x0000000800000000)
  region size 2048K, 1 young (2048K), 1 survivors (2048K)
 Metaspace       used 29160K, committed 29440K, reserved 1081344K
  class space    used 4061K, committed 4160K, reserved 1048576K
}
Event: 1.730 GC heap before
{Heap before GC invocations=6 (full 0):
 garbage-first heap   total 86016K, used 58089K [0x0000000740000000, 0x0000000800000000)
  region size 2048K, 16 young (32768K), 1 survivors (2048K)
 Metaspace       used 32613K, committed 32960K, reserved 1081344K
  class space    used 4452K, committed 4608K, reserved 1048576K
}
Event: 1.731 GC heap after
{Heap after GC invocations=7 (full 0):
 garbage-first heap   total 86016K, used 28903K [0x0000000740000000, 0x0000000800000000)
  region size 2048K, 2 young (4096K), 2 survivors (4096K)
 Metaspace       used 32613K, committed 32960K, reserved 1081344K
  class space    used 4452K, committed 4608K, reserved 1048576K
}
Event: 1.917 GC heap before
{Heap before GC invocations=7 (full 0):
 garbage-first heap   total 86016K, used 53479K [0x0000000740000000, 0x0000000800000000)
  region size 2048K, 15 young (30720K), 2 survivors (4096K)
 Metaspace       used 35590K, committed 35968K, reserved 1081344K
  class space    used 4936K, committed 5120K, reserved 1048576K
}
Event: 1.918 GC heap after
{Heap after GC invocations=8 (full 0):
 garbage-first heap   total 86016K, used 30896K [0x0000000740000000, 0x0000000800000000)
  region size 2048K, 3 young (6144K), 3 survivors (6144K)
 Metaspace       used 35590K, committed 35968K, reserved 1081344K
  class space    used 4936K, committed 5120K, reserved 1048576K
}
Event: 2.027 GC heap before
{Heap before GC invocations=9 (full 0):
 garbage-first heap   total 86016K, used 59568K [0x0000000740000000, 0x0000000800000000)
  region size 2048K, 18 young (36864K), 3 survivors (6144K)
 Metaspace       used 37202K, committed 37632K, reserved 1081344K
  class space    used 5083K, committed 5312K, reserved 1048576K
}
Event: 2.029 GC heap after
{Heap after GC invocations=10 (full 0):
 garbage-first heap   total 305152K, used 33400K [0x0000000740000000, 0x0000000800000000)
  region size 2048K, 3 young (6144K), 3 survivors (6144K)
 Metaspace       used 37202K, committed 37632K, reserved 1081344K
  class space    used 5083K, committed 5312K, reserved 1048576K
}
Event: 2.082 GC heap before
{Heap before GC invocations=10 (full 0):
 garbage-first heap   total 305152K, used 41592K [0x0000000740000000, 0x0000000800000000)
  region size 2048K, 7 young (14336K), 3 survivors (6144K)
 Metaspace       used 38213K, committed 38656K, reserved 1089536K
  class space    used 5233K, committed 5440K, reserved 1048576K
}
Event: 2.084 GC heap after
{Heap after GC invocations=11 (full 0):
 garbage-first heap   total 305152K, used 33915K [0x0000000740000000, 0x0000000800000000)
  region size 2048K, 1 young (2048K), 1 survivors (2048K)
 Metaspace       used 38213K, committed 38656K, reserved 1089536K
  class space    used 5233K, committed 5440K, reserved 1048576K
}
Event: 3.583 GC heap before
{Heap before GC invocations=11 (full 0):
 garbage-first heap   total 305152K, used 242811K [0x0000000740000000, 0x0000000800000000)
  region size 2048K, 89 young (182272K), 1 survivors (2048K)
 Metaspace       used 56215K, committed 56768K, reserved 1097728K
  class space    used 7600K, committed 7872K, reserved 1048576K
}
Event: 3.587 GC heap after
{Heap after GC invocations=12 (full 0):
 garbage-first heap   total 305152K, used 50178K [0x0000000740000000, 0x0000000800000000)
  region size 2048K, 8 young (16384K), 8 survivors (16384K)
 Metaspace       used 56215K, committed 56768K, reserved 1097728K
  class space    used 7600K, committed 7872K, reserved 1048576K
}
Event: 3.854 GC heap before
{Heap before GC invocations=12 (full 0):
 garbage-first heap   total 305152K, used 195586K [0x0000000740000000, 0x0000000800000000)
  region size 2048K, 32 young (65536K), 8 survivors (16384K)
 Metaspace       used 57669K, committed 58240K, reserved 1105920K
  class space    used 7806K, committed 8064K, reserved 1048576K
}
Event: 3.858 GC heap after
{Heap after GC invocations=13 (full 0):
 garbage-first heap   total 305152K, used 55227K [0x0000000740000000, 0x0000000800000000)
  region size 2048K, 3 young (6144K), 3 survivors (6144K)
 Metaspace       used 57669K, committed 58240K, reserved 1105920K
  class space    used 7806K, committed 8064K, reserved 1048576K
}
Event: 4.085 GC heap before
{Heap before GC invocations=13 (full 0):
 garbage-first heap   total 305152K, used 171963K [0x0000000740000000, 0x0000000800000000)
  region size 2048K, 26 young (53248K), 3 survivors (6144K)
 Metaspace       used 59525K, committed 60096K, reserved 1105920K
  class space    used 8033K, committed 8320K, reserved 1048576K
}
Event: 4.087 GC heap after
{Heap after GC invocations=14 (full 0):
 garbage-first heap   total 305152K, used 57493K [0x0000000740000000, 0x0000000800000000)
  region size 2048K, 4 young (8192K), 4 survivors (8192K)
 Metaspace       used 59525K, committed 60096K, reserved 1105920K
  class space    used 8033K, committed 8320K, reserved 1048576K
}
Event: 10.134 GC heap before
{Heap before GC invocations=15 (full 0):
 garbage-first heap   total 212992K, used 174229K [0x0000000740000000, 0x0000000800000000)
  region size 2048K, 62 young (126976K), 4 survivors (8192K)
 Metaspace       used 61946K, committed 62656K, reserved 1105920K
  class space    used 8437K, committed 8768K, reserved 1048576K
}

