# JRE version: OpenJDK Runtime Environment Temurin-17.0.3+7 (17.0.3+7) (build 17.0.3+7)
# Java VM: OpenJDK 64-Bit Server VM Temurin-17.0.3+7 (17.0.3+7, mixed mode, sharing, tiered, compressed oops, compressed class ptrs, g1 gc, windows-amd64)
GC Precious Log:
 CPUs: 24 total, 24 available
 Memory: 32581M
 Large Page Support: Disabled
 NUMA Support: Disabled
 Compressed Oops: Enabled (Zero based)
 Heap Region Size: 2M
 Heap Min Capacity: 8M
 Heap Initial Capacity: 510M
 Heap Max Capacity: 3G
 Pre-touch: Disabled
 Parallel Workers: 18
 Concurrent Workers: 5
 Concurrent Refinement Workers: 18
 Periodic GC: Disabled
Heap:
 garbage-first heap   total 303104K, used 182991K [0x0000000740000000, 0x0000000800000000)
  region size 2048K, 29 young (59392K), 5 survivors (10240K)
 Metaspace       used 59525K, committed 60160K, reserved 1105920K
  class space    used 8018K, committed 8320K, reserved 1048576K
GC Heap History (20 events):
Event: 1.333 GC heap after
{Heap after GC invocations=3 (full 0):
 garbage-first heap   total 522240K, used 21519K [0x0000000740000000, 0x0000000800000000)
  region size 2048K, 6 young (12288K), 6 survivors (12288K)
 Metaspace       used 21249K, committed 21504K, reserved 1073152K
  class space    used 3124K, committed 3264K, reserved 1048576K
}
Event: 1.635 GC heap before
{Heap before GC invocations=4 (full 0):
 garbage-first heap   total 81920K, used 60431K [0x0000000740000000, 0x0000000800000000)
  region size 2048K, 27 young (55296K), 6 survivors (12288K)
 Metaspace       used 29174K, committed 29440K, reserved 1081344K
  class space    used 4060K, committed 4160K, reserved 1048576K
}
Event: 1.640 GC heap after
{Heap after GC invocations=5 (full 0):
 garbage-first heap   total 83968K, used 26236K [0x0000000740000000, 0x0000000800000000)
  region size 2048K, 3 young (6144K), 3 survivors (6144K)
 Metaspace       used 29174K, committed 29440K, reserved 1081344K
  class space    used 4060K, committed 4160K, reserved 1048576K
}
Event: 1.642 GC heap before
{Heap before GC invocations=5 (full 0):
 garbage-first heap   total 83968K, used 28284K [0x0000000740000000, 0x0000000800000000)
  region size 2048K, 4 young (8192K), 3 survivors (6144K)
 Metaspace       used 29175K, committed 29440K, reserved 1081344K
  class space    used 4060K, committed 4160K, reserved 1048576K
}
Event: 1.643 GC heap after
{Heap after GC invocations=6 (full 0):
 garbage-first heap   total 83968K, used 26536K [0x0000000740000000, 0x0000000800000000)
  region size 2048K, 1 young (2048K), 1 survivors (2048K)
 Metaspace       used 29175K, committed 29440K, reserved 1081344K
  class space    used 4060K, committed 4160K, reserved 1048576K
}
Event: 1.803 GC heap before
{Heap before GC invocations=6 (full 0):
 garbage-first heap   total 83968K, used 55208K [0x0000000740000000, 0x0000000800000000)
  region size 2048K, 15 young (30720K), 1 survivors (2048K)
 Metaspace       used 31802K, committed 32128K, reserved 1081344K
  class space    used 4335K, committed 4480K, reserved 1048576K
}
Event: 1.804 GC heap after
{Heap after GC invocations=7 (full 0):
 garbage-first heap   total 83968K, used 29006K [0x0000000740000000, 0x0000000800000000)
  region size 2048K, 2 young (4096K), 2 survivors (4096K)
 Metaspace       used 31802K, committed 32128K, reserved 1081344K
  class space    used 4335K, committed 4480K, reserved 1048576K
}
Event: 2.027 GC heap before
{Heap before GC invocations=7 (full 0):
 garbage-first heap   total 83968K, used 57678K [0x0000000740000000, 0x0000000800000000)
  region size 2048K, 16 young (32768K), 2 survivors (4096K)
 Metaspace       used 35259K, committed 35648K, reserved 1081344K
  class space    used 4874K, committed 5056K, reserved 1048576K
}
Event: 2.029 GC heap after
{Heap after GC invocations=8 (full 0):
 garbage-first heap   total 83968K, used 31132K [0x0000000740000000, 0x0000000800000000)
  region size 2048K, 2 young (4096K), 2 survivors (4096K)
 Metaspace       used 35259K, committed 35648K, reserved 1081344K
  class space    used 4874K, committed 5056K, reserved 1048576K
}
Event: 2.049 GC heap before
{Heap before GC invocations=8 (full 0):
 garbage-first heap   total 83968K, used 31132K [0x0000000740000000, 0x0000000800000000)
  region size 2048K, 3 young (6144K), 2 survivors (4096K)
 Metaspace       used 35597K, committed 35968K, reserved 1081344K
  class space    used 4935K, committed 5120K, reserved 1048576K
}
Event: 2.050 GC heap after
{Heap after GC invocations=9 (full 0):
 garbage-first heap   total 83968K, used 31174K [0x0000000740000000, 0x0000000800000000)
  region size 2048K, 2 young (4096K), 2 survivors (4096K)
 Metaspace       used 35597K, committed 35968K, reserved 1081344K
  class space    used 4935K, committed 5120K, reserved 1048576K
}
Event: 2.151 GC heap before
{Heap before GC invocations=10 (full 0):
 garbage-first heap   total 83968K, used 57798K [0x0000000740000000, 0x0000000800000000)
  region size 2048K, 16 young (32768K), 2 survivors (4096K)
 Metaspace       used 37039K, committed 37440K, reserved 1081344K
  class space    used 5053K, committed 5248K, reserved 1048576K
}
Event: 2.153 GC heap after
{Heap after GC invocations=11 (full 0):
 garbage-first heap   total 303104K, used 33620K [0x0000000740000000, 0x0000000800000000)
  region size 2048K, 2 young (4096K), 2 survivors (4096K)
 Metaspace       used 37039K, committed 37440K, reserved 1081344K
  class space    used 5053K, committed 5248K, reserved 1048576K
}
Event: 3.718 GC heap before
{Heap before GC invocations=11 (full 0):
 garbage-first heap   total 303104K, used 219988K [0x0000000740000000, 0x0000000800000000)
  region size 2048K, 88 young (180224K), 2 survivors (4096K)
 Metaspace       used 54677K, committed 55232K, reserved 1097728K
  class space    used 7442K, committed 7680K, reserved 1048576K
}
Event: 3.723 GC heap after
{Heap after GC invocations=12 (full 0):
 garbage-first heap   total 303104K, used 49832K [0x0000000740000000, 0x0000000800000000)
  region size 2048K, 9 young (18432K), 9 survivors (18432K)
 Metaspace       used 54677K, committed 55232K, reserved 1097728K
  class space    used 7442K, committed 7680K, reserved 1048576K
}
Event: 4.250 GC heap before
{Heap before GC invocations=12 (full 0):
 garbage-first heap   total 303104K, used 209576K [0x0000000740000000, 0x0000000800000000)
  region size 2048K, 40 young (81920K), 9 survivors (18432K)
 Metaspace       used 57660K, committed 58304K, reserved 1105920K
  class space    used 7792K, committed 8064K, reserved 1048576K
}
Event: 4.255 GC heap after
{Heap after GC invocations=13 (full 0):
 garbage-first heap   total 303104K, used 55813K [0x0000000740000000, 0x0000000800000000)
  region size 2048K, 3 young (6144K), 3 survivors (6144K)
 Metaspace       used 57660K, committed 58304K, reserved 1105920K
  class space    used 7792K, committed 8064K, reserved 1048576K
}
Event: 4.344 GC heap before
{Heap before GC invocations=13 (full 0):
 garbage-first heap   total 303104K, used 141829K [0x0000000740000000, 0x0000000800000000)
  region size 2048K, 6 young (12288K), 3 survivors (6144K)
 Metaspace       used 57783K, committed 58432K, reserved 1105920K
  class space    used 7793K, committed 8064K, reserved 1048576K
}
Event: 4.345 GC heap after
{Heap after GC invocations=14 (full 0):
 garbage-first heap   total 303104K, used 55295K [0x0000000740000000, 0x0000000800000000)
  region size 2048K, 3 young (6144K), 3 survivors (6144K)
 Metaspace       used 57783K, committed 58432K, reserved 1105920K
  class space    used 7793K, committed 8064K, reserved 1048576K
}
Event: 4.707 GC heap before
{Heap before GC invocations=14 (full 0):
 garbage-first heap   total 303104K, used 180223K [0x0000000740000000, 0x0000000800000000)
  region size 2048K, 27 young (55296K), 3 survivors (6144K)
 Metaspace       used 59525K, committed 60160K, reserved 1105920K
  class space    used 8018K, committed 8320K, reserved 1048576K
}

