# JRE version: OpenJDK Runtime Environment Temurin-17.0.3+7 (17.0.3+7) (build 17.0.3+7)
# Java VM: OpenJDK 64-Bit Server VM Temurin-17.0.3+7 (17.0.3+7, mixed mode, sharing, tiered, compressed oops, compressed class ptrs, g1 gc, windows-amd64)
GC Precious Log:
 CPUs: 24 total, 24 available
 Memory: 32581M
 Large Page Support: Disabled
 NUMA Support: Disabled
 Compressed Oops: Enabled (Zero based)
 Heap Region Size: 2M
 Heap Min Capacity: 8M
 Heap Initial Capacity: 510M
 Heap Max Capacity: 3G
 Pre-touch: Disabled
 Parallel Workers: 18
 Concurrent Workers: 5
 Concurrent Refinement Workers: 18
 Periodic GC: Disabled
Heap:
 garbage-first heap   total 204800K, used 172103K [0x0000000740000000, 0x0000000800000000)
  region size 2048K, 64 young (131072K), 8 survivors (16384K)
 Metaspace       used 62012K, committed 62720K, reserved 1105920K
  class space    used 8439K, committed 8768K, reserved 1048576K
GC Heap History (20 events):
Event: 1.235 GC heap after
{Heap after GC invocations=3 (full 0):
 garbage-first heap   total 522240K, used 21288K [0x0000000740000000, 0x0000000800000000)
  region size 2048K, 6 young (12288K), 6 survivors (12288K)
 Metaspace       used 21258K, committed 21504K, reserved 1073152K
  class space    used 3124K, committed 3264K, reserved 1048576K
}
Event: 1.504 GC heap before
{Heap before GC invocations=4 (full 0):
 garbage-first heap   total 81920K, used 64296K [0x0000000740000000, 0x0000000800000000)
  region size 2048K, 28 young (57344K), 6 survivors (12288K)
 Metaspace       used 29154K, committed 29440K, reserved 1081344K
  class space    used 4058K, committed 4160K, reserved 1048576K
}
Event: 1.507 GC heap after
{Heap after GC invocations=5 (full 0):
 garbage-first heap   total 86016K, used 26904K [0x0000000740000000, 0x0000000800000000)
  region size 2048K, 7 young (14336K), 7 survivors (14336K)
 Metaspace       used 29154K, committed 29440K, reserved 1081344K
  class space    used 4058K, committed 4160K, reserved 1048576K
}
Event: 1.509 GC heap before
{Heap before GC invocations=5 (full 0):
 garbage-first heap   total 86016K, used 28952K [0x0000000740000000, 0x0000000800000000)
  region size 2048K, 8 young (16384K), 7 survivors (14336K)
 Metaspace       used 29156K, committed 29440K, reserved 1081344K
  class space    used 4058K, committed 4160K, reserved 1048576K
}
Event: 1.512 GC heap after
{Heap after GC invocations=6 (full 0):
 garbage-first heap   total 86016K, used 26845K [0x0000000740000000, 0x0000000800000000)
  region size 2048K, 1 young (2048K), 1 survivors (2048K)
 Metaspace       used 29156K, committed 29440K, reserved 1081344K
  class space    used 4058K, committed 4160K, reserved 1048576K
}
Event: 1.692 GC heap before
{Heap before GC invocations=6 (full 0):
 garbage-first heap   total 86016K, used 59613K [0x0000000740000000, 0x0000000800000000)
  region size 2048K, 16 young (32768K), 1 survivors (2048K)
 Metaspace       used 32687K, committed 33088K, reserved 1081344K
  class space    used 4462K, committed 4672K, reserved 1048576K
}
Event: 1.693 GC heap after
{Heap after GC invocations=7 (full 0):
 garbage-first heap   total 86016K, used 28938K [0x0000000740000000, 0x0000000800000000)
  region size 2048K, 2 young (4096K), 2 survivors (4096K)
 Metaspace       used 32687K, committed 33088K, reserved 1081344K
  class space    used 4462K, committed 4672K, reserved 1048576K
}
Event: 1.880 GC heap before
{Heap before GC invocations=7 (full 0):
 garbage-first heap   total 86016K, used 53514K [0x0000000740000000, 0x0000000800000000)
  region size 2048K, 15 young (30720K), 2 survivors (4096K)
 Metaspace       used 35719K, committed 36096K, reserved 1081344K
  class space    used 4948K, committed 5120K, reserved 1048576K
}
Event: 1.881 GC heap after
{Heap after GC invocations=8 (full 0):
 garbage-first heap   total 86016K, used 30869K [0x0000000740000000, 0x0000000800000000)
  region size 2048K, 3 young (6144K), 3 survivors (6144K)
 Metaspace       used 35719K, committed 36096K, reserved 1081344K
  class space    used 4948K, committed 5120K, reserved 1048576K
}
Event: 1.989 GC heap before
{Heap before GC invocations=9 (full 0):
 garbage-first heap   total 86016K, used 59541K [0x0000000740000000, 0x0000000800000000)
  region size 2048K, 18 young (36864K), 3 survivors (6144K)
 Metaspace       used 37308K, committed 37696K, reserved 1081344K
  class space    used 5092K, committed 5312K, reserved 1048576K
}
Event: 1.991 GC heap after
{Heap after GC invocations=10 (full 0):
 garbage-first heap   total 305152K, used 33617K [0x0000000740000000, 0x0000000800000000)
  region size 2048K, 3 young (6144K), 3 survivors (6144K)
 Metaspace       used 37308K, committed 37696K, reserved 1081344K
  class space    used 5092K, committed 5312K, reserved 1048576K
}
Event: 3.676 GC heap before
{Heap before GC invocations=10 (full 0):
 garbage-first heap   total 305152K, used 219985K [0x0000000740000000, 0x0000000800000000)
  region size 2048K, 89 young (182272K), 3 survivors (6144K)
 Metaspace       used 54804K, committed 55424K, reserved 1097728K
  class space    used 7473K, committed 7744K, reserved 1048576K
}
Event: 3.680 GC heap after
{Heap after GC invocations=11 (full 0):
 garbage-first heap   total 305152K, used 49658K [0x0000000740000000, 0x0000000800000000)
  region size 2048K, 10 young (20480K), 10 survivors (20480K)
 Metaspace       used 54804K, committed 55424K, reserved 1097728K
  class space    used 7473K, committed 7744K, reserved 1048576K
}
Event: 4.063 GC heap before
{Heap before GC invocations=11 (full 0):
 garbage-first heap   total 305152K, used 201210K [0x0000000740000000, 0x0000000800000000)
  region size 2048K, 37 young (75776K), 10 survivors (20480K)
 Metaspace       used 57682K, committed 58240K, reserved 1105920K
  class space    used 7809K, committed 8064K, reserved 1048576K
}
Event: 4.068 GC heap after
{Heap after GC invocations=12 (full 0):
 garbage-first heap   total 305152K, used 55407K [0x0000000740000000, 0x0000000800000000)
  region size 2048K, 3 young (6144K), 3 survivors (6144K)
 Metaspace       used 57682K, committed 58240K, reserved 1105920K
  class space    used 7809K, committed 8064K, reserved 1048576K
}
Event: 4.133 GC heap before
{Heap before GC invocations=12 (full 0):
 garbage-first heap   total 305152K, used 141423K [0x0000000740000000, 0x0000000800000000)
  region size 2048K, 6 young (12288K), 3 survivors (6144K)
 Metaspace       used 57809K, committed 58368K, reserved 1105920K
  class space    used 7809K, committed 8064K, reserved 1048576K
}
Event: 4.134 GC heap after
{Heap after GC invocations=13 (full 0):
 garbage-first heap   total 305152K, used 54881K [0x0000000740000000, 0x0000000800000000)
  region size 2048K, 3 young (6144K), 3 survivors (6144K)
 Metaspace       used 57809K, committed 58368K, reserved 1105920K
  class space    used 7809K, committed 8064K, reserved 1048576K
}
Event: 4.382 GC heap before
{Heap before GC invocations=13 (full 0):
 garbage-first heap   total 305152K, used 181857K [0x0000000740000000, 0x0000000800000000)
  region size 2048K, 28 young (57344K), 3 survivors (6144K)
 Metaspace       used 59734K, committed 60288K, reserved 1105920K
  class space    used 8072K, committed 8320K, reserved 1048576K
}
Event: 4.384 GC heap after
{Heap after GC invocations=14 (full 0):
 garbage-first heap   total 305152K, used 57415K [0x0000000740000000, 0x0000000800000000)
  region size 2048K, 4 young (8192K), 4 survivors (8192K)
 Metaspace       used 59734K, committed 60288K, reserved 1105920K
  class space    used 8072K, committed 8320K, reserved 1048576K
}
Event: 9.583 GC heap before
{Heap before GC invocations=15 (full 0):
 garbage-first heap   total 204800K, used 172103K [0x0000000740000000, 0x0000000800000000)
  region size 2048K, 60 young (122880K), 4 survivors (8192K)
 Metaspace       used 62012K, committed 62720K, reserved 1105920K
  class space    used 8439K, committed 8768K, reserved 1048576K
}

