# JRE version: OpenJDK Runtime Environment Temurin-17.0.3+7 (17.0.3+7) (build 17.0.3+7)
# Java VM: OpenJDK 64-Bit Server VM Temurin-17.0.3+7 (17.0.3+7, mixed mode, sharing, tiered, compressed oops, compressed class ptrs, g1 gc, windows-amd64)
GC Precious Log:
 CPUs: 24 total, 24 available
 Memory: 32581M
 Large Page Support: Disabled
 NUMA Support: Disabled
 Compressed Oops: Enabled (Zero based)
 Heap Region Size: 2M
 Heap Min Capacity: 8M
 Heap Initial Capacity: 510M
 Heap Max Capacity: 3G
 Pre-touch: Disabled
 Parallel Workers: 18
 Concurrent Workers: 5
 Concurrent Refinement Workers: 18
 Periodic GC: Disabled
Heap:
 garbage-first heap   total 356352K, used 305640K [0x0000000740000000, 0x0000000800000000)
  region size 2048K, 43 young (88064K), 6 survivors (12288K)
 Metaspace       used 77510K, committed 78272K, reserved 1122304K
  class space    used 10097K, committed 10432K, reserved 1048576K
GC Heap History (20 events):
Event: 11.946 GC heap after
{Heap after GC invocations=34 (full 0):
 garbage-first heap   total 356352K, used 209496K [0x0000000740000000, 0x0000000800000000)
  region size 2048K, 3 young (6144K), 3 survivors (6144K)
 Metaspace       used 75180K, committed 75840K, reserved 1122304K
  class space    used 9931K, committed 10240K, reserved 1048576K
}
Event: 12.067 GC heap before
{Heap before GC invocations=34 (full 0):
 garbage-first heap   total 356352K, used 219736K [0x0000000740000000, 0x0000000800000000)
  region size 2048K, 8 young (16384K), 3 survivors (6144K)
 Metaspace       used 75233K, committed 75904K, reserved 1122304K
  class space    used 9931K, committed 10240K, reserved 1048576K
}
Event: 12.071 GC heap after
{Heap after GC invocations=35 (full 0):
 garbage-first heap   total 356352K, used 207692K [0x0000000740000000, 0x0000000800000000)
  region size 2048K, 1 young (2048K), 1 survivors (2048K)
 Metaspace       used 75233K, committed 75904K, reserved 1122304K
  class space    used 9931K, committed 10240K, reserved 1048576K
}
Event: 12.969 GC heap before
{Heap before GC invocations=35 (full 0):
 garbage-first heap   total 356352K, used 289612K [0x0000000740000000, 0x0000000800000000)
  region size 2048K, 41 young (83968K), 1 survivors (2048K)
 Metaspace       used 75724K, committed 76480K, reserved 1122304K
  class space    used 9968K, committed 10304K, reserved 1048576K
}
Event: 12.972 GC heap after
{Heap after GC invocations=36 (full 0):
 garbage-first heap   total 356352K, used 209422K [0x0000000740000000, 0x0000000800000000)
  region size 2048K, 2 young (4096K), 2 survivors (4096K)
 Metaspace       used 75724K, committed 76480K, reserved 1122304K
  class space    used 9968K, committed 10304K, reserved 1048576K
}
Event: 13.817 GC heap before
{Heap before GC invocations=36 (full 0):
 garbage-first heap   total 356352K, used 293390K [0x0000000740000000, 0x0000000800000000)
  region size 2048K, 43 young (88064K), 2 survivors (4096K)
 Metaspace       used 75885K, committed 76608K, reserved 1122304K
  class space    used 9974K, committed 10304K, reserved 1048576K
}
Event: 13.821 GC heap after
{Heap after GC invocations=37 (full 0):
 garbage-first heap   total 356352K, used 211388K [0x0000000740000000, 0x0000000800000000)
  region size 2048K, 2 young (4096K), 2 survivors (4096K)
 Metaspace       used 75885K, committed 76608K, reserved 1122304K
  class space    used 9974K, committed 10304K, reserved 1048576K
}
Event: 14.712 GC heap before
{Heap before GC invocations=37 (full 0):
 garbage-first heap   total 356352K, used 299452K [0x0000000740000000, 0x0000000800000000)
  region size 2048K, 45 young (92160K), 2 survivors (4096K)
 Metaspace       used 76006K, committed 76736K, reserved 1122304K
  class space    used 9978K, committed 10304K, reserved 1048576K
}
Event: 14.716 GC heap after
{Heap after GC invocations=38 (full 0):
 garbage-first heap   total 356352K, used 213152K [0x0000000740000000, 0x0000000800000000)
  region size 2048K, 3 young (6144K), 3 survivors (6144K)
 Metaspace       used 76006K, committed 76736K, reserved 1122304K
  class space    used 9978K, committed 10304K, reserved 1048576K
}
Event: 15.711 GC heap before
{Heap before GC invocations=38 (full 0):
 garbage-first heap   total 356352K, used 301216K [0x0000000740000000, 0x0000000800000000)
  region size 2048K, 46 young (94208K), 3 survivors (6144K)
 Metaspace       used 76167K, committed 76864K, reserved 1122304K
  class space    used 9984K, committed 10304K, reserved 1048576K
}
Event: 15.716 GC heap after
{Heap after GC invocations=39 (full 0):
 garbage-first heap   total 356352K, used 216080K [0x0000000740000000, 0x0000000800000000)
  region size 2048K, 5 young (10240K), 5 survivors (10240K)
 Metaspace       used 76167K, committed 76864K, reserved 1122304K
  class space    used 9984K, committed 10304K, reserved 1048576K
}
Event: 16.702 GC heap before
{Heap before GC invocations=39 (full 0):
 garbage-first heap   total 356352K, used 302096K [0x0000000740000000, 0x0000000800000000)
  region size 2048K, 47 young (96256K), 5 survivors (10240K)
 Metaspace       used 76443K, committed 77120K, reserved 1122304K
  class space    used 9996K, committed 10304K, reserved 1048576K
}
Event: 16.710 GC heap after
{Heap after GC invocations=40 (full 0):
 garbage-first heap   total 356352K, used 220266K [0x0000000740000000, 0x0000000800000000)
  region size 2048K, 5 young (10240K), 5 survivors (10240K)
 Metaspace       used 76443K, committed 77120K, reserved 1122304K
  class space    used 9996K, committed 10304K, reserved 1048576K
}
Event: 17.694 GC heap before
{Heap before GC invocations=40 (full 0):
 garbage-first heap   total 356352K, used 302186K [0x0000000740000000, 0x0000000800000000)
  region size 2048K, 45 young (92160K), 5 survivors (10240K)
 Metaspace       used 76538K, committed 77184K, reserved 1122304K
  class space    used 10010K, committed 10304K, reserved 1048576K
}
Event: 17.700 GC heap after
{Heap after GC invocations=41 (full 0):
 garbage-first heap   total 356352K, used 222555K [0x0000000740000000, 0x0000000800000000)
  region size 2048K, 4 young (8192K), 4 survivors (8192K)
 Metaspace       used 76538K, committed 77184K, reserved 1122304K
  class space    used 10010K, committed 10304K, reserved 1048576K
}
Event: 18.224 GC heap before
{Heap before GC invocations=41 (full 0):
 garbage-first heap   total 356352K, used 304475K [0x0000000740000000, 0x0000000800000000)
  region size 2048K, 44 young (90112K), 4 survivors (8192K)
 Metaspace       used 76644K, committed 77376K, reserved 1122304K
  class space    used 10016K, committed 10368K, reserved 1048576K
}
Event: 18.229 GC heap after
{Heap after GC invocations=42 (full 0):
 garbage-first heap   total 356352K, used 224403K [0x0000000740000000, 0x0000000800000000)
  region size 2048K, 3 young (6144K), 3 survivors (6144K)
 Metaspace       used 76644K, committed 77376K, reserved 1122304K
  class space    used 10016K, committed 10368K, reserved 1048576K
}
Event: 18.995 GC heap before
{Heap before GC invocations=42 (full 0):
 garbage-first heap   total 356352K, used 306323K [0x0000000740000000, 0x0000000800000000)
  region size 2048K, 43 young (88064K), 3 survivors (6144K)
 Metaspace       used 77190K, committed 77952K, reserved 1122304K
  class space    used 10076K, committed 10432K, reserved 1048576K
}
Event: 19.000 GC heap after
{Heap after GC invocations=43 (full 0):
 garbage-first heap   total 356352K, used 229864K [0x0000000740000000, 0x0000000800000000)
  region size 2048K, 5 young (10240K), 5 survivors (10240K)
 Metaspace       used 77190K, committed 77952K, reserved 1122304K
  class space    used 10076K, committed 10432K, reserved 1048576K
}
Event: 110.704 GC heap before
{Heap before GC invocations=43 (full 0):
 garbage-first heap   total 356352K, used 305640K [0x0000000740000000, 0x0000000800000000)
  region size 2048K, 42 young (86016K), 5 survivors (10240K)
 Metaspace       used 77510K, committed 78272K, reserved 1122304K
  class space    used 10097K, committed 10432K, reserved 1048576K
}

