# JRE version: OpenJDK Runtime Environment Temurin-17.0.3+7 (17.0.3+7) (build 17.0.3+7)
# Java VM: OpenJDK 64-Bit Server VM Temurin-17.0.3+7 (17.0.3+7, mixed mode, sharing, tiered, compressed oops, compressed class ptrs, g1 gc, windows-amd64)
GC Precious Log:
 CPUs: 24 total, 24 available
 Memory: 32581M
 Large Page Support: Disabled
 NUMA Support: Disabled
 Compressed Oops: Enabled (Zero based)
 Heap Region Size: 2M
 Heap Min Capacity: 8M
 Heap Initial Capacity: 510M
 Heap Max Capacity: 3G
 Pre-touch: Disabled
 Parallel Workers: 18
 Concurrent Workers: 5
 Concurrent Refinement Workers: 18
 Periodic GC: Disabled
Heap:
 garbage-first heap   total 305152K, used 238312K [0x0000000740000000, 0x0000000800000000)
  region size 2048K, 91 young (186368K), 3 survivors (6144K)
 Metaspace       used 55042K, committed 55616K, reserved 1097728K
  class space    used 7497K, committed 7744K, reserved 1048576K
GC Heap History (19 events):
Event: 0.254 GC heap before
{Heap before GC invocations=0 (full 0):
 garbage-first heap   total 522240K, used 30720K [0x0000000740000000, 0x0000000800000000)
  region size 2048K, 12 young (24576K), 0 survivors (0K)
 Metaspace       used 3052K, committed 3200K, reserved 1056768K
  class space    used 378K, committed 448K, reserved 1048576K
}
Event: 0.256 GC heap after
{Heap after GC invocations=1 (full 0):
 garbage-first heap   total 522240K, used 10412K [0x0000000740000000, 0x0000000800000000)
  region size 2048K, 2 young (4096K), 2 survivors (4096K)
 Metaspace       used 3052K, committed 3200K, reserved 1056768K
  class space    used 378K, committed 448K, reserved 1048576K
}
Event: 0.381 GC heap before
{Heap before GC invocations=1 (full 0):
 garbage-first heap   total 522240K, used 34988K [0x0000000740000000, 0x0000000800000000)
  region size 2048K, 15 young (30720K), 2 survivors (4096K)
 Metaspace       used 3958K, committed 4160K, reserved 1056768K
  class space    used 474K, committed 576K, reserved 1048576K
}
Event: 0.383 GC heap after
{Heap after GC invocations=2 (full 0):
 garbage-first heap   total 522240K, used 13056K [0x0000000740000000, 0x0000000800000000)
  region size 2048K, 2 young (4096K), 2 survivors (4096K)
 Metaspace       used 3958K, committed 4160K, reserved 1056768K
  class space    used 474K, committed 576K, reserved 1048576K
}
Event: 1.207 GC heap before
{Heap before GC invocations=2 (full 0):
 garbage-first heap   total 522240K, used 121600K [0x0000000740000000, 0x0000000800000000)
  region size 2048K, 56 young (114688K), 2 survivors (4096K)
 Metaspace       used 21257K, committed 21504K, reserved 1073152K
  class space    used 3124K, committed 3264K, reserved 1048576K
}
Event: 1.210 GC heap after
{Heap after GC invocations=3 (full 0):
 garbage-first heap   total 522240K, used 21620K [0x0000000740000000, 0x0000000800000000)
  region size 2048K, 6 young (12288K), 6 survivors (12288K)
 Metaspace       used 21257K, committed 21504K, reserved 1073152K
  class space    used 3124K, committed 3264K, reserved 1048576K
}
Event: 1.485 GC heap before
{Heap before GC invocations=4 (full 0):
 garbage-first heap   total 81920K, used 62580K [0x0000000740000000, 0x0000000800000000)
  region size 2048K, 28 young (57344K), 6 survivors (12288K)
 Metaspace       used 29137K, committed 29440K, reserved 1081344K
  class space    used 4057K, committed 4160K, reserved 1048576K
}
Event: 1.488 GC heap after
{Heap after GC invocations=5 (full 0):
 garbage-first heap   total 86016K, used 27065K [0x0000000740000000, 0x0000000800000000)
  region size 2048K, 7 young (14336K), 7 survivors (14336K)
 Metaspace       used 29137K, committed 29440K, reserved 1081344K
  class space    used 4057K, committed 4160K, reserved 1048576K
}
Event: 1.491 GC heap before
{Heap before GC invocations=5 (full 0):
 garbage-first heap   total 86016K, used 29113K [0x0000000740000000, 0x0000000800000000)
  region size 2048K, 8 young (16384K), 7 survivors (14336K)
 Metaspace       used 29142K, committed 29440K, reserved 1081344K
  class space    used 4058K, committed 4160K, reserved 1048576K
}
Event: 1.493 GC heap after
{Heap after GC invocations=6 (full 0):
 garbage-first heap   total 86016K, used 27161K [0x0000000740000000, 0x0000000800000000)
  region size 2048K, 1 young (2048K), 1 survivors (2048K)
 Metaspace       used 29142K, committed 29440K, reserved 1081344K
  class space    used 4058K, committed 4160K, reserved 1048576K
}
Event: 1.675 GC heap before
{Heap before GC invocations=6 (full 0):
 garbage-first heap   total 86016K, used 57881K [0x0000000740000000, 0x0000000800000000)
  region size 2048K, 16 young (32768K), 1 survivors (2048K)
 Metaspace       used 32479K, committed 32768K, reserved 1081344K
  class space    used 4434K, committed 4544K, reserved 1048576K
}
Event: 1.676 GC heap after
{Heap after GC invocations=7 (full 0):
 garbage-first heap   total 86016K, used 29025K [0x0000000740000000, 0x0000000800000000)
  region size 2048K, 2 young (4096K), 2 survivors (4096K)
 Metaspace       used 32479K, committed 32768K, reserved 1081344K
  class space    used 4434K, committed 4544K, reserved 1048576K
}
Event: 1.866 GC heap before
{Heap before GC invocations=7 (full 0):
 garbage-first heap   total 86016K, used 53601K [0x0000000740000000, 0x0000000800000000)
  region size 2048K, 15 young (30720K), 2 survivors (4096K)
 Metaspace       used 35582K, committed 35968K, reserved 1081344K
  class space    used 4937K, committed 5120K, reserved 1048576K
}
Event: 1.868 GC heap after
{Heap after GC invocations=8 (full 0):
 garbage-first heap   total 86016K, used 31042K [0x0000000740000000, 0x0000000800000000)
  region size 2048K, 3 young (6144K), 3 survivors (6144K)
 Metaspace       used 35582K, committed 35968K, reserved 1081344K
  class space    used 4937K, committed 5120K, reserved 1048576K
}
Event: 1.978 GC heap before
{Heap before GC invocations=9 (full 0):
 garbage-first heap   total 86016K, used 59714K [0x0000000740000000, 0x0000000800000000)
  region size 2048K, 18 young (36864K), 3 survivors (6144K)
 Metaspace       used 37176K, committed 37632K, reserved 1081344K
  class space    used 5080K, committed 5312K, reserved 1048576K
}
Event: 1.980 GC heap after
{Heap after GC invocations=10 (full 0):
 garbage-first heap   total 86016K, used 33619K [0x0000000740000000, 0x0000000800000000)
  region size 2048K, 3 young (6144K), 3 survivors (6144K)
 Metaspace       used 37176K, committed 37632K, reserved 1081344K
  class space    used 5080K, committed 5312K, reserved 1048576K
}
Event: 1.998 GC heap before
{Heap before GC invocations=10 (full 0):
 garbage-first heap   total 86016K, used 35667K [0x0000000740000000, 0x0000000800000000)
  region size 2048K, 4 young (8192K), 3 survivors (6144K)
 Metaspace       used 37421K, committed 37824K, reserved 1081344K
  class space    used 5109K, committed 5312K, reserved 1048576K
}
Event: 2.000 GC heap after
{Heap after GC invocations=11 (full 0):
 garbage-first heap   total 305152K, used 33512K [0x0000000740000000, 0x0000000800000000)
  region size 2048K, 1 young (2048K), 1 survivors (2048K)
 Metaspace       used 37421K, committed 37824K, reserved 1081344K
  class space    used 5109K, committed 5312K, reserved 1048576K
}
Event: 3.474 GC heap before
{Heap before GC invocations=11 (full 0):
 garbage-first heap   total 305152K, used 238312K [0x0000000740000000, 0x0000000800000000)
  region size 2048K, 89 young (182272K), 1 survivors (2048K)
 Metaspace       used 55042K, committed 55616K, reserved 1097728K
  class space    used 7497K, committed 7744K, reserved 1048576K
}

