# JRE version: OpenJDK Runtime Environment Temurin-17.0.3+7 (17.0.3+7) (build 17.0.3+7)
# Java VM: OpenJDK 64-Bit Server VM Temurin-17.0.3+7 (17.0.3+7, mixed mode, sharing, tiered, compressed oops, compressed class ptrs, g1 gc, windows-amd64)
GC Precious Log:
 CPUs: 24 total, 24 available
 Memory: 32581M
 Large Page Support: Disabled
 NUMA Support: Disabled
 Compressed Oops: Enabled (Zero based)
 Heap Region Size: 2M
 Heap Min Capacity: 8M
 Heap Initial Capacity: 510M
 Heap Max Capacity: 3G
 Pre-touch: Disabled
 Parallel Workers: 18
 Concurrent Workers: 5
 Concurrent Refinement Workers: 18
 Periodic GC: Disabled
Heap:
 garbage-first heap   total 227328K, used 184438K [0x0000000740000000, 0x0000000800000000)
  region size 2048K, 61 young (124928K), 8 survivors (16384K)
 Metaspace       used 68803K, committed 69504K, reserved 1114112K
  class space    used 9299K, committed 9600K, reserved 1048576K
GC Heap History (20 events):
Event: 3.419 GC heap after
{Heap after GC invocations=12 (full 0):
 garbage-first heap   total 86016K, used 42818K [0x0000000740000000, 0x0000000800000000)
  region size 2048K, 2 young (4096K), 2 survivors (4096K)
 Metaspace       used 50923K, committed 51392K, reserved 1097728K
  class space    used 6860K, committed 7104K, reserved 1048576K
}
Event: 3.537 GC heap before
{Heap before GC invocations=13 (full 0):
 garbage-first heap   total 86016K, used 65346K [0x0000000740000000, 0x0000000800000000)
  region size 2048K, 13 young (26624K), 2 survivors (4096K)
 Metaspace       used 51553K, committed 52096K, reserved 1097728K
  class space    used 6964K, committed 7232K, reserved 1048576K
}
Event: 3.539 GC heap after
{Heap after GC invocations=14 (full 0):
 garbage-first heap   total 86016K, used 46087K [0x0000000740000000, 0x0000000800000000)
  region size 2048K, 2 young (4096K), 2 survivors (4096K)
 Metaspace       used 51553K, committed 52096K, reserved 1097728K
  class space    used 6964K, committed 7232K, reserved 1048576K
}
Event: 3.620 GC heap before
{Heap before GC invocations=14 (full 0):
 garbage-first heap   total 86016K, used 66567K [0x0000000740000000, 0x0000000800000000)
  region size 2048K, 12 young (24576K), 2 survivors (4096K)
 Metaspace       used 52096K, committed 52672K, reserved 1097728K
  class space    used 7064K, committed 7360K, reserved 1048576K
}
Event: 3.622 GC heap after
{Heap after GC invocations=15 (full 0):
 garbage-first heap   total 305152K, used 48811K [0x0000000740000000, 0x0000000800000000)
  region size 2048K, 2 young (4096K), 2 survivors (4096K)
 Metaspace       used 52096K, committed 52672K, reserved 1097728K
  class space    used 7064K, committed 7360K, reserved 1048576K
}
Event: 4.120 GC heap before
{Heap before GC invocations=16 (full 0):
 garbage-first heap   total 178176K, used 126635K [0x0000000740000000, 0x0000000800000000)
  region size 2048K, 28 young (57344K), 2 survivors (4096K)
 Metaspace       used 56211K, committed 56832K, reserved 1097728K
  class space    used 7594K, committed 7872K, reserved 1048576K
}
Event: 4.122 GC heap after
{Heap after GC invocations=17 (full 0):
 garbage-first heap   total 178176K, used 50922K [0x0000000740000000, 0x0000000800000000)
  region size 2048K, 3 young (6144K), 3 survivors (6144K)
 Metaspace       used 56211K, committed 56832K, reserved 1097728K
  class space    used 7594K, committed 7872K, reserved 1048576K
}
Event: 4.209 GC heap before
{Heap before GC invocations=17 (full 0):
 garbage-first heap   total 178176K, used 85738K [0x0000000740000000, 0x0000000800000000)
  region size 2048K, 12 young (24576K), 3 survivors (6144K)
 Metaspace       used 56571K, committed 57088K, reserved 1105920K
  class space    used 7611K, committed 7872K, reserved 1048576K
}
Event: 4.210 GC heap after
{Heap after GC invocations=18 (full 0):
 garbage-first heap   total 178176K, used 51761K [0x0000000740000000, 0x0000000800000000)
  region size 2048K, 3 young (6144K), 3 survivors (6144K)
 Metaspace       used 56571K, committed 57088K, reserved 1105920K
  class space    used 7611K, committed 7872K, reserved 1048576K
}
Event: 4.236 GC heap before
{Heap before GC invocations=18 (full 0):
 garbage-first heap   total 178176K, used 82481K [0x0000000740000000, 0x0000000800000000)
  region size 2048K, 8 young (16384K), 3 survivors (6144K)
 Metaspace       used 56582K, committed 57088K, reserved 1105920K
  class space    used 7611K, committed 7872K, reserved 1048576K
}
Event: 4.237 GC heap after
{Heap after GC invocations=19 (full 0):
 garbage-first heap   total 178176K, used 51667K [0x0000000740000000, 0x0000000800000000)
  region size 2048K, 3 young (6144K), 3 survivors (6144K)
 Metaspace       used 56582K, committed 57088K, reserved 1105920K
  class space    used 7611K, committed 7872K, reserved 1048576K
}
Event: 4.392 GC heap before
{Heap before GC invocations=19 (full 0):
 garbage-first heap   total 178176K, used 111059K [0x0000000740000000, 0x0000000800000000)
  region size 2048K, 17 young (34816K), 3 survivors (6144K)
 Metaspace       used 57624K, committed 58240K, reserved 1105920K
  class space    used 7796K, committed 8064K, reserved 1048576K
}
Event: 4.393 GC heap after
{Heap after GC invocations=20 (full 0):
 garbage-first heap   total 178176K, used 55025K [0x0000000740000000, 0x0000000800000000)
  region size 2048K, 5 young (10240K), 5 survivors (10240K)
 Metaspace       used 57624K, committed 58240K, reserved 1105920K
  class space    used 7796K, committed 8064K, reserved 1048576K
}
Event: 4.429 GC heap before
{Heap before GC invocations=20 (full 0):
 garbage-first heap   total 178176K, used 87793K [0x0000000740000000, 0x0000000800000000)
  region size 2048K, 7 young (14336K), 5 survivors (10240K)
 Metaspace       used 57700K, committed 58304K, reserved 1105920K
  class space    used 7797K, committed 8064K, reserved 1048576K
}
Event: 4.431 GC heap after
{Heap after GC invocations=21 (full 0):
 garbage-first heap   total 178176K, used 55565K [0x0000000740000000, 0x0000000800000000)
  region size 2048K, 3 young (6144K), 3 survivors (6144K)
 Metaspace       used 57700K, committed 58304K, reserved 1105920K
  class space    used 7797K, committed 8064K, reserved 1048576K
}
Event: 4.457 GC heap before
{Heap before GC invocations=21 (full 0):
 garbage-first heap   total 178176K, used 78093K [0x0000000740000000, 0x0000000800000000)
  region size 2048K, 4 young (8192K), 3 survivors (6144K)
 Metaspace       used 57743K, committed 58368K, reserved 1105920K
  class space    used 7797K, committed 8064K, reserved 1048576K
}
Event: 4.459 GC heap after
{Heap after GC invocations=22 (full 0):
 garbage-first heap   total 225280K, used 55350K [0x0000000740000000, 0x0000000800000000)
  region size 2048K, 3 young (6144K), 3 survivors (6144K)
 Metaspace       used 57743K, committed 58368K, reserved 1105920K
  class space    used 7797K, committed 8064K, reserved 1048576K
}
Event: 5.018 GC heap before
{Heap before GC invocations=22 (full 0):
 garbage-first heap   total 225280K, used 202806K [0x0000000740000000, 0x0000000800000000)
  region size 2048K, 55 young (112640K), 3 survivors (6144K)
 Metaspace       used 61747K, committed 62400K, reserved 1105920K
  class space    used 8442K, committed 8768K, reserved 1048576K
}
Event: 5.022 GC heap after
{Heap after GC invocations=23 (full 0):
 garbage-first heap   total 227328K, used 65654K [0x0000000740000000, 0x0000000800000000)
  region size 2048K, 8 young (16384K), 8 survivors (16384K)
 Metaspace       used 61747K, committed 62400K, reserved 1105920K
  class space    used 8442K, committed 8768K, reserved 1048576K
}
Event: 5.615 GC heap before
{Heap before GC invocations=23 (full 0):
 garbage-first heap   total 227328K, used 182390K [0x0000000740000000, 0x0000000800000000)
  region size 2048K, 61 young (124928K), 8 survivors (16384K)
 Metaspace       used 68803K, committed 69504K, reserved 1114112K
  class space    used 9299K, committed 9600K, reserved 1048576K
}

